# JRE version: Java(TM) SE Runtime Environment (8.0_251-b08) (build 1.8.0_251-b08)
# Java VM: Java HotSpot(TM) 64-Bit Server VM (25.251-b08 mixed mode windows-amd64 compressed oops)
Heap:
 PSYoungGen      total 397824K, used 133132K [0x00000000d5f80000, 0x00000000f8b80000, 0x0000000100000000)
  eden space 355328K, 25% used [0x00000000d5f80000,0x00000000db8087c0,0x00000000eba80000)
  from space 42496K, 99% used [0x00000000eba80000,0x00000000ee3fa958,0x00000000ee400000)
  to   space 54272K, 0% used [0x00000000f5680000,0x00000000f5680000,0x00000000f8b80000)
 ParOldGen       total 151552K, used 64566K [0x0000000081e00000, 0x000000008b200000, 0x00000000d5f80000)
  object space 151552K, 42% used [0x0000000081e00000,0x0000000085d0da80,0x000000008b200000)
 Metaspace       used 54244K, capacity 55476K, committed 55676K, reserved 1097728K
  class space    used 6397K, capacity 6759K, committed 6832K, reserved 1048576K
GC Heap History (10 events):
Event: 9.970 GC heap before
{Heap before GC invocations=12 (full 2):
 PSYoungGen      total 223232K, used 199168K [0x00000000d5f80000, 0x00000000ebd00000, 0x0000000100000000)
  eden space 199168K, 100% used [0x00000000d5f80000,0x00000000e2200000,0x00000000e2200000)
  from space 24064K, 0% used [0x00000000e2200000,0x00000000e2200000,0x00000000e3980000)
  to   space 35328K, 0% used [0x00000000e9a80000,0x00000000e9a80000,0x00000000ebd00000)
 ParOldGen       total 143360K, used 58025K [0x0000000081e00000, 0x000000008aa00000, 0x00000000d5f80000)
  object space 143360K, 40% used [0x0000000081e00000,0x00000000856aa7f8,0x000000008aa00000)
 Metaspace       used 29689K, capacity 30502K, committed 30640K, reserved 1077248K
  class space    used 3488K, capacity 3702K, committed 3760K, reserved 1048576K
Event: 9.995 GC heap after
Heap after GC invocations=12 (full 2):
 PSYoungGen      total 300544K, used 32409K [0x00000000d5f80000, 0x00000000eba80000, 0x0000000100000000)
  eden space 267776K, 0% used [0x00000000d5f80000,0x00000000d5f80000,0x00000000e6500000)
  from space 32768K, 98% used [0x00000000e9a80000,0x00000000eba26610,0x00000000eba80000)
  to   space 39936K, 0% used [0x00000000e6c80000,0x00000000e6c80000,0x00000000e9380000)
 ParOldGen       total 143360K, used 58025K [0x0000000081e00000, 0x000000008aa00000, 0x00000000d5f80000)
  object space 143360K, 40% used [0x0000000081e00000,0x00000000856aa7f8,0x000000008aa00000)
 Metaspace       used 29689K, capacity 30502K, committed 30640K, reserved 1077248K
  class space    used 3488K, capacity 3702K, committed 3760K, reserved 1048576K
}
Event: 11.522 GC heap before
{Heap before GC invocations=13 (full 2):
 PSYoungGen      total 300544K, used 300185K [0x00000000d5f80000, 0x00000000eba80000, 0x0000000100000000)
  eden space 267776K, 100% used [0x00000000d5f80000,0x00000000e6500000,0x00000000e6500000)
  from space 32768K, 98% used [0x00000000e9a80000,0x00000000eba26610,0x00000000eba80000)
  to   space 39936K, 0% used [0x00000000e6c80000,0x00000000e6c80000,0x00000000e9380000)
 ParOldGen       total 143360K, used 58025K [0x0000000081e00000, 0x000000008aa00000, 0x00000000d5f80000)
  object space 143360K, 40% used [0x0000000081e00000,0x00000000856aa7f8,0x000000008aa00000)
 Metaspace       used 38290K, capacity 39302K, committed 39472K, reserved 1083392K
  class space    used 4541K, capacity 4808K, committed 4912K, reserved 1048576K
Event: 11.553 GC heap after
Heap after GC invocations=13 (full 2):
 PSYoungGen      total 315392K, used 33889K [0x00000000d5f80000, 0x00000000f1200000, 0x0000000100000000)
  eden space 275456K, 0% used [0x00000000d5f80000,0x00000000d5f80000,0x00000000e6c80000)
  from space 39936K, 84% used [0x00000000e6c80000,0x00000000e8d98450,0x00000000e9380000)
  to   space 44032K, 0% used [0x00000000ee700000,0x00000000ee700000,0x00000000f1200000)
 ParOldGen       total 143360K, used 62413K [0x0000000081e00000, 0x000000008aa00000, 0x00000000d5f80000)
  object space 143360K, 43% used [0x0000000081e00000,0x0000000085af3750,0x000000008aa00000)
 Metaspace       used 38290K, capacity 39302K, committed 39472K, reserved 1083392K
  class space    used 4541K, capacity 4808K, committed 4912K, reserved 1048576K
}
Event: 53.568 GC heap before
{Heap before GC invocations=14 (full 2):
 PSYoungGen      total 315392K, used 208793K [0x00000000d5f80000, 0x00000000f1200000, 0x0000000100000000)
  eden space 275456K, 63% used [0x00000000d5f80000,0x00000000e0a4e248,0x00000000e6c80000)
  from space 39936K, 84% used [0x00000000e6c80000,0x00000000e8d98450,0x00000000e9380000)
  to   space 44032K, 0% used [0x00000000ee700000,0x00000000ee700000,0x00000000f1200000)
 ParOldGen       total 143360K, used 62413K [0x0000000081e00000, 0x000000008aa00000, 0x00000000d5f80000)
  object space 143360K, 43% used [0x0000000081e00000,0x0000000085af3750,0x000000008aa00000)
 Metaspace       used 49693K, capacity 50830K, committed 51068K, reserved 1093632K
  class space    used 5988K, capacity 6294K, committed 6320K, reserved 1048576K
Event: 53.583 GC heap after
Heap after GC invocations=14 (full 2):
 PSYoungGen      total 394752K, used 13515K [0x00000000d5f80000, 0x00000000f0d80000, 0x0000000100000000)
  eden space 355328K, 0% used [0x00000000d5f80000,0x00000000d5f80000,0x00000000eba80000)
  from space 39424K, 34% used [0x00000000ee700000,0x00000000ef432c48,0x00000000f0d80000)
  to   space 42496K, 0% used [0x00000000eba80000,0x00000000eba80000,0x00000000ee400000)
 ParOldGen       total 143360K, used 70492K [0x0000000081e00000, 0x000000008aa00000, 0x00000000d5f80000)
  object space 143360K, 49% used [0x0000000081e00000,0x00000000862d70f0,0x000000008aa00000)
 Metaspace       used 49693K, capacity 50830K, committed 51068K, reserved 1093632K
  class space    used 5988K, capacity 6294K, committed 6320K, reserved 1048576K
}
Event: 53.583 GC heap before
{Heap before GC invocations=15 (full 3):
 PSYoungGen      total 394752K, used 13515K [0x00000000d5f80000, 0x00000000f0d80000, 0x0000000100000000)
  eden space 355328K, 0% used [0x00000000d5f80000,0x00000000d5f80000,0x00000000eba80000)
  from space 39424K, 34% used [0x00000000ee700000,0x00000000ef432c48,0x00000000f0d80000)
  to   space 42496K, 0% used [0x00000000eba80000,0x00000000eba80000,0x00000000ee400000)
 ParOldGen       total 143360K, used 70492K [0x0000000081e00000, 0x000000008aa00000, 0x00000000d5f80000)
  object space 143360K, 49% used [0x0000000081e00000,0x00000000862d70f0,0x000000008aa00000)
 Metaspace       used 49693K, capacity 50830K, committed 51068K, reserved 1093632K
  class space    used 5988K, capacity 6294K, committed 6320K, reserved 1048576K
Event: 53.724 GC heap after
Heap after GC invocations=15 (full 3):
 PSYoungGen      total 394752K, used 0K [0x00000000d5f80000, 0x00000000f0d80000, 0x0000000100000000)
  eden space 355328K, 0% used [0x00000000d5f80000,0x00000000d5f80000,0x00000000eba80000)
  from space 39424K, 0% used [0x00000000ee700000,0x00000000ee700000,0x00000000f0d80000)
  to   space 42496K, 0% used [0x00000000eba80000,0x00000000eba80000,0x00000000ee400000)
 ParOldGen       total 151552K, used 49723K [0x0000000081e00000, 0x000000008b200000, 0x00000000d5f80000)
  object space 151552K, 32% used [0x0000000081e00000,0x0000000084e8ef58,0x000000008b200000)
 Metaspace       used 49693K, capacity 50830K, committed 51068K, reserved 1093632K
  class space    used 5988K, capacity 6294K, committed 6320K, reserved 1048576K
}
Event: 178.436 GC heap before
{Heap before GC invocations=16 (full 3):
 PSYoungGen      total 394752K, used 355328K [0x00000000d5f80000, 0x00000000f0d80000, 0x0000000100000000)
  eden space 355328K, 100% used [0x00000000d5f80000,0x00000000eba80000,0x00000000eba80000)
  from space 39424K, 0% used [0x00000000ee700000,0x00000000ee700000,0x00000000f0d80000)
  to   space 42496K, 0% used [0x00000000eba80000,0x00000000eba80000,0x00000000ee400000)
 ParOldGen       total 151552K, used 49723K [0x0000000081e00000, 0x000000008b200000, 0x00000000d5f80000)
  object space 151552K, 32% used [0x0000000081e00000,0x0000000084e8ef58,0x000000008b200000)
 Metaspace       used 54242K, capacity 55476K, committed 55676K, reserved 1097728K
  class space    used 6397K, capacity 6759K, committed 6832K, reserved 1048576K
Event: 178.460 GC heap after
Heap after GC invocations=16 (full 3):
 PSYoungGen      total 397824K, used 42474K [0x00000000d5f80000, 0x00000000f8b80000, 0x0000000100000000)
  eden space 355328K, 0% used [0x00000000d5f80000,0x00000000d5f80000,0x00000000eba80000)
  from space 42496K, 99% used [0x00000000eba80000,0x00000000ee3fa958,0x00000000ee400000)
  to   space 54272K, 0% used [0x00000000f5680000,0x00000000f5680000,0x00000000f8b80000)
 ParOldGen       total 151552K, used 64566K [0x0000000081e00000, 0x000000008b200000, 0x00000000d5f80000)
  object space 151552K, 42% used [0x0000000081e00000,0x0000000085d0da80,0x000000008b200000)
 Metaspace       used 54242K, capacity 55476K, committed 55676K, reserved 1097728K
  class space    used 6397K, capacity 6759K, committed 6832K, reserved 1048576K
}

