# JRE version: Java(TM) SE Runtime Environment (8.0_251-b08) (build 1.8.0_251-b08)
# Java VM: Java HotSpot(TM) 64-Bit Server VM (25.251-b08 mixed mode windows-amd64 compressed oops)
Heap:
 PSYoungGen      total 374272K, used 84708K [0x00000000d5f80000, 0x00000000f6700000, 0x0000000100000000)
  eden space 333824K, 25% used [0x00000000d5f80000,0x00000000db1d9060,0x00000000ea580000)
  from space 40448K, 0% used [0x00000000edb00000,0x00000000edb60000,0x00000000f0280000)
  to   space 54784K, 0% used [0x00000000ea580000,0x00000000ea580000,0x00000000edb00000)
 ParOldGen       total 155136K, used 104322K [0x0000000081e00000, 0x000000008b580000, 0x00000000d5f80000)
  object space 155136K, 67% used [0x0000000081e00000,0x00000000883e0ab0,0x000000008b580000)
 Metaspace       used 54184K, capacity 55386K, committed 55680K, reserved 1097728K
  class space    used 6395K, capacity 6754K, committed 6784K, reserved 1048576K
GC Heap History (10 events):
Event: 10.723 GC heap before
{Heap before GC invocations=13 (full 2):
 PSYoungGen      total 296960K, used 296679K [0x00000000d5f80000, 0x00000000eba00000, 0x0000000100000000)
  eden space 264704K, 100% used [0x00000000d5f80000,0x00000000e6200000,0x00000000e6200000)
  from space 32256K, 99% used [0x00000000e9a80000,0x00000000eb9b9ce8,0x00000000eba00000)
  to   space 40448K, 0% used [0x00000000e6b00000,0x00000000e6b00000,0x00000000e9280000)
 ParOldGen       total 148480K, used 62185K [0x0000000081e00000, 0x000000008af00000, 0x00000000d5f80000)
  object space 148480K, 41% used [0x0000000081e00000,0x0000000085aba698,0x000000008af00000)
 Metaspace       used 37707K, capacity 38618K, committed 38784K, reserved 1083392K
  class space    used 4474K, capacity 4722K, committed 4736K, reserved 1048576K
Event: 10.763 GC heap after
Heap after GC invocations=13 (full 2):
 PSYoungGen      total 314368K, used 34186K [0x00000000d5f80000, 0x00000000f0680000, 0x0000000100000000)
  eden space 273920K, 0% used [0x00000000d5f80000,0x00000000d5f80000,0x00000000e6b00000)
  from space 40448K, 84% used [0x00000000e6b00000,0x00000000e8c62b58,0x00000000e9280000)
  to   space 44544K, 0% used [0x00000000edb00000,0x00000000edb00000,0x00000000f0680000)
 ParOldGen       total 148480K, used 65864K [0x0000000081e00000, 0x000000008af00000, 0x00000000d5f80000)
  object space 148480K, 44% used [0x0000000081e00000,0x0000000085e52010,0x000000008af00000)
 Metaspace       used 37707K, capacity 38618K, committed 38784K, reserved 1083392K
  class space    used 4474K, capacity 4722K, committed 4736K, reserved 1048576K
}
Event: 75.406 GC heap before
{Heap before GC invocations=14 (full 2):
 PSYoungGen      total 314368K, used 222560K [0x00000000d5f80000, 0x00000000f0680000, 0x0000000100000000)
  eden space 273920K, 68% used [0x00000000d5f80000,0x00000000e1775758,0x00000000e6b00000)
  from space 40448K, 84% used [0x00000000e6b00000,0x00000000e8c62b58,0x00000000e9280000)
  to   space 44544K, 0% used [0x00000000edb00000,0x00000000edb00000,0x00000000f0680000)
 ParOldGen       total 148480K, used 65864K [0x0000000081e00000, 0x000000008af00000, 0x00000000d5f80000)
  object space 148480K, 44% used [0x0000000081e00000,0x0000000085e52010,0x000000008af00000)
 Metaspace       used 49559K, capacity 50642K, committed 50944K, reserved 1093632K
  class space    used 5978K, capacity 6294K, committed 6400K, reserved 1048576K
Event: 75.422 GC heap after
Heap after GC invocations=14 (full 2):
 PSYoungGen      total 384512K, used 14181K [0x00000000d5f80000, 0x00000000f0280000, 0x0000000100000000)
  eden space 344064K, 0% used [0x00000000d5f80000,0x00000000d5f80000,0x00000000eaf80000)
  from space 40448K, 35% used [0x00000000edb00000,0x00000000ee8d9638,0x00000000f0280000)
  to   space 42496K, 0% used [0x00000000eaf80000,0x00000000eaf80000,0x00000000ed900000)
 ParOldGen       total 148480K, used 72924K [0x0000000081e00000, 0x000000008af00000, 0x00000000d5f80000)
  object space 148480K, 49% used [0x0000000081e00000,0x00000000865373e8,0x000000008af00000)
 Metaspace       used 49559K, capacity 50642K, committed 50944K, reserved 1093632K
  class space    used 5978K, capacity 6294K, committed 6400K, reserved 1048576K
}
Event: 75.422 GC heap before
{Heap before GC invocations=15 (full 3):
 PSYoungGen      total 384512K, used 14181K [0x00000000d5f80000, 0x00000000f0280000, 0x0000000100000000)
  eden space 344064K, 0% used [0x00000000d5f80000,0x00000000d5f80000,0x00000000eaf80000)
  from space 40448K, 35% used [0x00000000edb00000,0x00000000ee8d9638,0x00000000f0280000)
  to   space 42496K, 0% used [0x00000000eaf80000,0x00000000eaf80000,0x00000000ed900000)
 ParOldGen       total 148480K, used 72924K [0x0000000081e00000, 0x000000008af00000, 0x00000000d5f80000)
  object space 148480K, 49% used [0x0000000081e00000,0x00000000865373e8,0x000000008af00000)
 Metaspace       used 49559K, capacity 50642K, committed 50944K, reserved 1093632K
  class space    used 5978K, capacity 6294K, committed 6400K, reserved 1048576K
Event: 75.584 GC heap after
Heap after GC invocations=15 (full 3):
 PSYoungGen      total 384512K, used 0K [0x00000000d5f80000, 0x00000000f0280000, 0x0000000100000000)
  eden space 344064K, 0% used [0x00000000d5f80000,0x00000000d5f80000,0x00000000eaf80000)
  from space 40448K, 0% used [0x00000000edb00000,0x00000000edb00000,0x00000000f0280000)
  to   space 42496K, 0% used [0x00000000eaf80000,0x00000000eaf80000,0x00000000ed900000)
 ParOldGen       total 155136K, used 50009K [0x0000000081e00000, 0x000000008b580000, 0x00000000d5f80000)
  object space 155136K, 32% used [0x0000000081e00000,0x0000000084ed6608,0x000000008b580000)
 Metaspace       used 49559K, capacity 50642K, committed 50944K, reserved 1093632K
  class space    used 5978K, capacity 6294K, committed 6400K, reserved 1048576K
}
Event: 104.656 GC heap before
{Heap before GC invocations=16 (full 3):
 PSYoungGen      total 384512K, used 344063K [0x00000000d5f80000, 0x00000000f0280000, 0x0000000100000000)
  eden space 344064K, 99% used [0x00000000d5f80000,0x00000000eaf7fff8,0x00000000eaf80000)
  from space 40448K, 0% used [0x00000000edb00000,0x00000000edb00000,0x00000000f0280000)
  to   space 42496K, 0% used [0x00000000eaf80000,0x00000000eaf80000,0x00000000ed900000)
 ParOldGen       total 155136K, used 50009K [0x0000000081e00000, 0x000000008b580000, 0x00000000d5f80000)
  object space 155136K, 32% used [0x0000000081e00000,0x0000000084ed6608,0x000000008b580000)
 Metaspace       used 54046K, capacity 55226K, committed 55680K, reserved 1097728K
  class space    used 6378K, capacity 6722K, committed 6784K, reserved 1048576K
Event: 104.677 GC heap after
Heap after GC invocations=16 (full 3):
 PSYoungGen      total 386560K, used 42467K [0x00000000d5f80000, 0x00000000f0280000, 0x0000000100000000)
  eden space 344064K, 0% used [0x00000000d5f80000,0x00000000d5f80000,0x00000000eaf80000)
  from space 42496K, 99% used [0x00000000eaf80000,0x00000000ed8f8df0,0x00000000ed900000)
  to   space 40448K, 0% used [0x00000000edb00000,0x00000000edb00000,0x00000000f0280000)
 ParOldGen       total 155136K, used 64716K [0x0000000081e00000, 0x000000008b580000, 0x00000000d5f80000)
  object space 155136K, 41% used [0x0000000081e00000,0x0000000085d33028,0x000000008b580000)
 Metaspace       used 54046K, capacity 55226K, committed 55680K, reserved 1097728K
  class space    used 6378K, capacity 6722K, committed 6784K, reserved 1048576K
}
Event: 151.927 GC heap before
{Heap before GC invocations=17 (full 3):
 PSYoungGen      total 386560K, used 386531K [0x00000000d5f80000, 0x00000000f0280000, 0x0000000100000000)
  eden space 344064K, 100% used [0x00000000d5f80000,0x00000000eaf80000,0x00000000eaf80000)
  from space 42496K, 99% used [0x00000000eaf80000,0x00000000ed8f8df0,0x00000000ed900000)
  to   space 40448K, 0% used [0x00000000edb00000,0x00000000edb00000,0x00000000f0280000)
 ParOldGen       total 155136K, used 64716K [0x0000000081e00000, 0x000000008b580000, 0x00000000d5f80000)
  object space 155136K, 41% used [0x0000000081e00000,0x0000000085d33028,0x000000008b580000)
 Metaspace       used 54183K, capacity 55386K, committed 55680K, reserved 1097728K
  class space    used 6395K, capacity 6754K, committed 6784K, reserved 1048576K
Event: 151.942 GC heap after
Heap after GC invocations=17 (full 3):
 PSYoungGen      total 374272K, used 384K [0x00000000d5f80000, 0x00000000f6700000, 0x0000000100000000)
  eden space 333824K, 0% used [0x00000000d5f80000,0x00000000d5f80000,0x00000000ea580000)
  from space 40448K, 0% used [0x00000000edb00000,0x00000000edb60000,0x00000000f0280000)
  to   space 54784K, 0% used [0x00000000ea580000,0x00000000ea580000,0x00000000edb00000)
 ParOldGen       total 155136K, used 104322K [0x0000000081e00000, 0x000000008b580000, 0x00000000d5f80000)
  object space 155136K, 67% used [0x0000000081e00000,0x00000000883e0ab0,0x000000008b580000)
 Metaspace       used 54183K, capacity 55386K, committed 55680K, reserved 1097728K
  class space    used 6395K, capacity 6754K, committed 6784K, reserved 1048576K
}

