# JRE version: Java(TM) SE Runtime Environment (8.0_251-b08) (build 1.8.0_251-b08)
# Java VM: Java HotSpot(TM) 64-Bit Server VM (25.251-b08 mixed mode windows-amd64 compressed oops)
Heap:
 PSYoungGen      total 71680K, used 13187K [0x00000000d5f80000, 0x00000000daa80000, 0x0000000100000000)
  eden space 66560K, 19% used [0x00000000d5f80000,0x00000000d6c60ff0,0x00000000da080000)
  from space 5120K, 0% used [0x00000000da080000,0x00000000da080000,0x00000000da580000)
  to   space 5120K, 0% used [0x00000000da580000,0x00000000da580000,0x00000000daa80000)
 ParOldGen       total 70144K, used 41421K [0x0000000081e00000, 0x0000000086280000, 0x00000000d5f80000)
  object space 70144K, 59% used [0x0000000081e00000,0x0000000084673550,0x0000000086280000)
 Metaspace       used 29917K, capacity 30718K, committed 30976K, reserved 1077248K
  class space    used 3520K, capacity 3755K, committed 3840K, reserved 1048576K
GC Heap History (10 events):
Event: 6.987 GC heap before
{Heap before GC invocations=10 (full 1):
 PSYoungGen      total 71680K, used 71676K [0x00000000d5f80000, 0x00000000daa80000, 0x0000000100000000)
  eden space 66560K, 100% used [0x00000000d5f80000,0x00000000da080000,0x00000000da080000)
  from space 5120K, 99% used [0x00000000da580000,0x00000000daa7f160,0x00000000daa80000)
  to   space 5120K, 0% used [0x00000000da080000,0x00000000da080000,0x00000000da580000)
 ParOldGen       total 70144K, used 32050K [0x0000000081e00000, 0x0000000086280000, 0x00000000d5f80000)
  object space 70144K, 45% used [0x0000000081e00000,0x0000000083d4cac0,0x0000000086280000)
 Metaspace       used 29896K, capacity 30718K, committed 30976K, reserved 1077248K
  class space    used 3518K, capacity 3755K, committed 3840K, reserved 1048576K
Event: 6.997 GC heap after
Heap after GC invocations=10 (full 1):
 PSYoungGen      total 71680K, used 5095K [0x00000000d5f80000, 0x00000000daa80000, 0x0000000100000000)
  eden space 66560K, 0% used [0x00000000d5f80000,0x00000000d5f80000,0x00000000da080000)
  from space 5120K, 99% used [0x00000000da080000,0x00000000da579f38,0x00000000da580000)
  to   space 5120K, 0% used [0x00000000da580000,0x00000000da580000,0x00000000daa80000)
 ParOldGen       total 70144K, used 44442K [0x0000000081e00000, 0x0000000086280000, 0x00000000d5f80000)
  object space 70144K, 63% used [0x0000000081e00000,0x0000000084966920,0x0000000086280000)
 Metaspace       used 29896K, capacity 30718K, committed 30976K, reserved 1077248K
  class space    used 3518K, capacity 3755K, committed 3840K, reserved 1048576K
}
Event: 7.161 GC heap before
{Heap before GC invocations=11 (full 1):
 PSYoungGen      total 71680K, used 71655K [0x00000000d5f80000, 0x00000000daa80000, 0x0000000100000000)
  eden space 66560K, 100% used [0x00000000d5f80000,0x00000000da080000,0x00000000da080000)
  from space 5120K, 99% used [0x00000000da080000,0x00000000da579f38,0x00000000da580000)
  to   space 5120K, 0% used [0x00000000da580000,0x00000000da580000,0x00000000daa80000)
 ParOldGen       total 70144K, used 44442K [0x0000000081e00000, 0x0000000086280000, 0x00000000d5f80000)
  object space 70144K, 63% used [0x0000000081e00000,0x0000000084966920,0x0000000086280000)
 Metaspace       used 29899K, capacity 30718K, committed 30976K, reserved 1077248K
  class space    used 3518K, capacity 3755K, committed 3840K, reserved 1048576K
Event: 7.173 GC heap after
Heap after GC invocations=11 (full 1):
 PSYoungGen      total 71680K, used 5108K [0x00000000d5f80000, 0x00000000daa80000, 0x0000000100000000)
  eden space 66560K, 0% used [0x00000000d5f80000,0x00000000d5f80000,0x00000000da080000)
  from space 5120K, 99% used [0x00000000da580000,0x00000000daa7d178,0x00000000daa80000)
  to   space 5120K, 0% used [0x00000000da080000,0x00000000da080000,0x00000000da580000)
 ParOldGen       total 70144K, used 56851K [0x0000000081e00000, 0x0000000086280000, 0x00000000d5f80000)
  object space 70144K, 81% used [0x0000000081e00000,0x0000000085584e30,0x0000000086280000)
 Metaspace       used 29899K, capacity 30718K, committed 30976K, reserved 1077248K
  class space    used 3518K, capacity 3755K, committed 3840K, reserved 1048576K
}
Event: 7.173 GC heap before
{Heap before GC invocations=12 (full 2):
 PSYoungGen      total 71680K, used 5108K [0x00000000d5f80000, 0x00000000daa80000, 0x0000000100000000)
  eden space 66560K, 0% used [0x00000000d5f80000,0x00000000d5f80000,0x00000000da080000)
  from space 5120K, 99% used [0x00000000da580000,0x00000000daa7d178,0x00000000daa80000)
  to   space 5120K, 0% used [0x00000000da080000,0x00000000da080000,0x00000000da580000)
 ParOldGen       total 70144K, used 56851K [0x0000000081e00000, 0x0000000086280000, 0x00000000d5f80000)
  object space 70144K, 81% used [0x0000000081e00000,0x0000000085584e30,0x0000000086280000)
 Metaspace       used 29899K, capacity 30718K, committed 30976K, reserved 1077248K
  class space    used 3518K, capacity 3755K, committed 3840K, reserved 1048576K
Event: 7.270 GC heap after
Heap after GC invocations=12 (full 2):
 PSYoungGen      total 71680K, used 0K [0x00000000d5f80000, 0x00000000daa80000, 0x0000000100000000)
  eden space 66560K, 0% used [0x00000000d5f80000,0x00000000d5f80000,0x00000000da080000)
  from space 5120K, 0% used [0x00000000da580000,0x00000000da580000,0x00000000daa80000)
  to   space 5120K, 0% used [0x00000000da080000,0x00000000da080000,0x00000000da580000)
 ParOldGen       total 70144K, used 52745K [0x0000000081e00000, 0x0000000086280000, 0x00000000d5f80000)
  object space 70144K, 75% used [0x0000000081e00000,0x00000000851824c0,0x0000000086280000)
 Metaspace       used 29899K, capacity 30718K, committed 30976K, reserved 1077248K
  class space    used 3518K, capacity 3755K, committed 3840K, reserved 1048576K
}
Event: 7.435 GC heap before
{Heap before GC invocations=13 (full 2):
 PSYoungGen      total 71680K, used 66560K [0x00000000d5f80000, 0x00000000daa80000, 0x0000000100000000)
  eden space 66560K, 100% used [0x00000000d5f80000,0x00000000da080000,0x00000000da080000)
  from space 5120K, 0% used [0x00000000da580000,0x00000000da580000,0x00000000daa80000)
  to   space 5120K, 0% used [0x00000000da080000,0x00000000da080000,0x00000000da580000)
 ParOldGen       total 70144K, used 52745K [0x0000000081e00000, 0x0000000086280000, 0x00000000d5f80000)
  object space 70144K, 75% used [0x0000000081e00000,0x00000000851824c0,0x0000000086280000)
 Metaspace       used 29917K, capacity 30718K, committed 30976K, reserved 1077248K
  class space    used 3520K, capacity 3755K, committed 3840K, reserved 1048576K
Event: 7.446 GC heap after
Heap after GC invocations=13 (full 2):
 PSYoungGen      total 71680K, used 5120K [0x00000000d5f80000, 0x00000000daa80000, 0x0000000100000000)
  eden space 66560K, 0% used [0x00000000d5f80000,0x00000000d5f80000,0x00000000da080000)
  from space 5120K, 100% used [0x00000000da080000,0x00000000da580000,0x00000000da580000)
  to   space 5120K, 0% used [0x00000000da580000,0x00000000da580000,0x00000000daa80000)
 ParOldGen       total 70144K, used 60044K [0x0000000081e00000, 0x0000000086280000, 0x00000000d5f80000)
  object space 70144K, 85% used [0x0000000081e00000,0x00000000858a32f0,0x0000000086280000)
 Metaspace       used 29917K, capacity 30718K, committed 30976K, reserved 1077248K
  class space    used 3520K, capacity 3755K, committed 3840K, reserved 1048576K
}
Event: 7.446 GC heap before
{Heap before GC invocations=14 (full 3):
 PSYoungGen      total 71680K, used 5120K [0x00000000d5f80000, 0x00000000daa80000, 0x0000000100000000)
  eden space 66560K, 0% used [0x00000000d5f80000,0x00000000d5f80000,0x00000000da080000)
  from space 5120K, 100% used [0x00000000da080000,0x00000000da580000,0x00000000da580000)
  to   space 5120K, 0% used [0x00000000da580000,0x00000000da580000,0x00000000daa80000)
 ParOldGen       total 70144K, used 60044K [0x0000000081e00000, 0x0000000086280000, 0x00000000d5f80000)
  object space 70144K, 85% used [0x0000000081e00000,0x00000000858a32f0,0x0000000086280000)
 Metaspace       used 29917K, capacity 30718K, committed 30976K, reserved 1077248K
  class space    used 3520K, capacity 3755K, committed 3840K, reserved 1048576K
Event: 7.609 GC heap after
Heap after GC invocations=14 (full 3):
 PSYoungGen      total 71680K, used 0K [0x00000000d5f80000, 0x00000000daa80000, 0x0000000100000000)
  eden space 66560K, 0% used [0x00000000d5f80000,0x00000000d5f80000,0x00000000da080000)
  from space 5120K, 0% used [0x00000000da080000,0x00000000da080000,0x00000000da580000)
  to   space 5120K, 0% used [0x00000000da580000,0x00000000da580000,0x00000000daa80000)
 ParOldGen       total 70144K, used 41421K [0x0000000081e00000, 0x0000000086280000, 0x00000000d5f80000)
  object space 70144K, 59% used [0x0000000081e00000,0x0000000084673550,0x0000000086280000)
 Metaspace       used 29917K, capacity 30718K, committed 30976K, reserved 1077248K
  class space    used 3520K, capacity 3755K, committed 3840K, reserved 1048576K
}

