# JRE version: Java(TM) SE Runtime Environment (8.0_251-b08) (build 1.8.0_251-b08)
# Java VM: Java HotSpot(TM) 64-Bit Server VM (25.251-b08 mixed mode windows-amd64 compressed oops)
Heap:
 PSYoungGen      total 143872K, used 100195K [0x00000000d5f80000, 0x00000000df680000, 0x0000000100000000)
  eden space 133120K, 75% used [0x00000000d5f80000,0x00000000dc158f30,0x00000000de180000)
  from space 10752K, 0% used [0x00000000de180000,0x00000000de180000,0x00000000dec00000)
  to   space 10752K, 0% used [0x00000000dec00000,0x00000000dec00000,0x00000000df680000)
 ParOldGen       total 69632K, used 50898K [0x0000000081e00000, 0x0000000086200000, 0x00000000d5f80000)
  object space 69632K, 73% used [0x0000000081e00000,0x0000000084fb4870,0x0000000086200000)
 Metaspace       used 29952K, capacity 30860K, committed 30976K, reserved 1077248K
  class space    used 3511K, capacity 3757K, committed 3840K, reserved 1048576K
GC Heap History (10 events):
Event: 3.924 GC heap before
{Heap before GC invocations=7 (full 1):
 PSYoungGen      total 143872K, used 8759K [0x00000000d5f80000, 0x00000000df680000, 0x0000000100000000)
  eden space 133120K, 0% used [0x00000000d5f80000,0x00000000d5f80000,0x00000000de180000)
  from space 10752K, 81% used [0x00000000dec00000,0x00000000df48df40,0x00000000df680000)
  to   space 10752K, 0% used [0x00000000de180000,0x00000000de180000,0x00000000dec00000)
 ParOldGen       total 87552K, used 11442K [0x0000000081e00000, 0x0000000087380000, 0x00000000d5f80000)
  object space 87552K, 13% used [0x0000000081e00000,0x000000008292c970,0x0000000087380000)
 Metaspace       used 20507K, capacity 21110K, committed 21296K, reserved 1069056K
  class space    used 2427K, capacity 2596K, committed 2688K, reserved 1048576K
Event: 3.975 GC heap after
Heap after GC invocations=7 (full 1):
 PSYoungGen      total 143872K, used 0K [0x00000000d5f80000, 0x00000000df680000, 0x0000000100000000)
  eden space 133120K, 0% used [0x00000000d5f80000,0x00000000d5f80000,0x00000000de180000)
  from space 10752K, 0% used [0x00000000dec00000,0x00000000dec00000,0x00000000df680000)
  to   space 10752K, 0% used [0x00000000de180000,0x00000000de180000,0x00000000dec00000)
 ParOldGen       total 69632K, used 14501K [0x0000000081e00000, 0x0000000086200000, 0x00000000d5f80000)
  object space 69632K, 20% used [0x0000000081e00000,0x0000000082c295f8,0x0000000086200000)
 Metaspace       used 20507K, capacity 21110K, committed 21296K, reserved 1069056K
  class space    used 2427K, capacity 2596K, committed 2688K, reserved 1048576K
}
Event: 7.095 GC heap before
{Heap before GC invocations=8 (full 1):
 PSYoungGen      total 143872K, used 133120K [0x00000000d5f80000, 0x00000000df680000, 0x0000000100000000)
  eden space 133120K, 100% used [0x00000000d5f80000,0x00000000de180000,0x00000000de180000)
  from space 10752K, 0% used [0x00000000dec00000,0x00000000dec00000,0x00000000df680000)
  to   space 10752K, 0% used [0x00000000de180000,0x00000000de180000,0x00000000dec00000)
 ParOldGen       total 69632K, used 14501K [0x0000000081e00000, 0x0000000086200000, 0x00000000d5f80000)
  object space 69632K, 20% used [0x0000000081e00000,0x0000000082c295f8,0x0000000086200000)
 Metaspace       used 29841K, capacity 30654K, committed 30976K, reserved 1077248K
  class space    used 3507K, capacity 3755K, committed 3840K, reserved 1048576K
Event: 7.117 GC heap after
Heap after GC invocations=8 (full 1):
 PSYoungGen      total 143872K, used 10724K [0x00000000d5f80000, 0x00000000df680000, 0x0000000100000000)
  eden space 133120K, 0% used [0x00000000d5f80000,0x00000000d5f80000,0x00000000de180000)
  from space 10752K, 99% used [0x00000000de180000,0x00000000debf9190,0x00000000dec00000)
  to   space 10752K, 0% used [0x00000000dec00000,0x00000000dec00000,0x00000000df680000)
 ParOldGen       total 69632K, used 25971K [0x0000000081e00000, 0x0000000086200000, 0x00000000d5f80000)
  object space 69632K, 37% used [0x0000000081e00000,0x000000008375cc48,0x0000000086200000)
 Metaspace       used 29841K, capacity 30654K, committed 30976K, reserved 1077248K
  class space    used 3507K, capacity 3755K, committed 3840K, reserved 1048576K
}
Event: 7.732 GC heap before
{Heap before GC invocations=9 (full 1):
 PSYoungGen      total 143872K, used 143844K [0x00000000d5f80000, 0x00000000df680000, 0x0000000100000000)
  eden space 133120K, 100% used [0x00000000d5f80000,0x00000000de180000,0x00000000de180000)
  from space 10752K, 99% used [0x00000000de180000,0x00000000debf9190,0x00000000dec00000)
  to   space 10752K, 0% used [0x00000000dec00000,0x00000000dec00000,0x00000000df680000)
 ParOldGen       total 69632K, used 25971K [0x0000000081e00000, 0x0000000086200000, 0x00000000d5f80000)
  object space 69632K, 37% used [0x0000000081e00000,0x000000008375cc48,0x0000000086200000)
 Metaspace       used 29941K, capacity 30792K, committed 30976K, reserved 1077248K
  class space    used 3509K, capacity 3757K, committed 3840K, reserved 1048576K
Event: 7.755 GC heap after
Heap after GC invocations=9 (full 1):
 PSYoungGen      total 143872K, used 10745K [0x00000000d5f80000, 0x00000000df680000, 0x0000000100000000)
  eden space 133120K, 0% used [0x00000000d5f80000,0x00000000d5f80000,0x00000000de180000)
  from space 10752K, 99% used [0x00000000dec00000,0x00000000df67e6c0,0x00000000df680000)
  to   space 10752K, 0% used [0x00000000de180000,0x00000000de180000,0x00000000dec00000)
 ParOldGen       total 69632K, used 45276K [0x0000000081e00000, 0x0000000086200000, 0x00000000d5f80000)
  object space 69632K, 65% used [0x0000000081e00000,0x0000000084a37018,0x0000000086200000)
 Metaspace       used 29941K, capacity 30792K, committed 30976K, reserved 1077248K
  class space    used 3509K, capacity 3757K, committed 3840K, reserved 1048576K
}
Event: 8.443 GC heap before
{Heap before GC invocations=10 (full 1):
 PSYoungGen      total 143872K, used 143865K [0x00000000d5f80000, 0x00000000df680000, 0x0000000100000000)
  eden space 133120K, 100% used [0x00000000d5f80000,0x00000000de180000,0x00000000de180000)
  from space 10752K, 99% used [0x00000000dec00000,0x00000000df67e6c0,0x00000000df680000)
  to   space 10752K, 0% used [0x00000000de180000,0x00000000de180000,0x00000000dec00000)
 ParOldGen       total 69632K, used 45276K [0x0000000081e00000, 0x0000000086200000, 0x00000000d5f80000)
  object space 69632K, 65% used [0x0000000081e00000,0x0000000084a37018,0x0000000086200000)
 Metaspace       used 29950K, capacity 30860K, committed 30976K, reserved 1077248K
  class space    used 3511K, capacity 3757K, committed 3840K, reserved 1048576K
Event: 8.464 GC heap after
Heap after GC invocations=10 (full 1):
 PSYoungGen      total 143872K, used 10745K [0x00000000d5f80000, 0x00000000df680000, 0x0000000100000000)
  eden space 133120K, 0% used [0x00000000d5f80000,0x00000000d5f80000,0x00000000de180000)
  from space 10752K, 99% used [0x00000000de180000,0x00000000debfe6b0,0x00000000dec00000)
  to   space 10752K, 0% used [0x00000000dec00000,0x00000000dec00000,0x00000000df680000)
 ParOldGen       total 69632K, used 62327K [0x0000000081e00000, 0x0000000086200000, 0x00000000d5f80000)
  object space 69632K, 89% used [0x0000000081e00000,0x0000000085addf10,0x0000000086200000)
 Metaspace       used 29950K, capacity 30860K, committed 30976K, reserved 1077248K
  class space    used 3511K, capacity 3757K, committed 3840K, reserved 1048576K
}
Event: 8.464 GC heap before
{Heap before GC invocations=11 (full 2):
 PSYoungGen      total 143872K, used 10745K [0x00000000d5f80000, 0x00000000df680000, 0x0000000100000000)
  eden space 133120K, 0% used [0x00000000d5f80000,0x00000000d5f80000,0x00000000de180000)
  from space 10752K, 99% used [0x00000000de180000,0x00000000debfe6b0,0x00000000dec00000)
  to   space 10752K, 0% used [0x00000000dec00000,0x00000000dec00000,0x00000000df680000)
 ParOldGen       total 69632K, used 62327K [0x0000000081e00000, 0x0000000086200000, 0x00000000d5f80000)
  object space 69632K, 89% used [0x0000000081e00000,0x0000000085addf10,0x0000000086200000)
 Metaspace       used 29950K, capacity 30860K, committed 30976K, reserved 1077248K
  class space    used 3511K, capacity 3757K, committed 3840K, reserved 1048576K
Event: 8.597 GC heap after
Heap after GC invocations=11 (full 2):
 PSYoungGen      total 143872K, used 0K [0x00000000d5f80000, 0x00000000df680000, 0x0000000100000000)
  eden space 133120K, 0% used [0x00000000d5f80000,0x00000000d5f80000,0x00000000de180000)
  from space 10752K, 0% used [0x00000000de180000,0x00000000de180000,0x00000000dec00000)
  to   space 10752K, 0% used [0x00000000dec00000,0x00000000dec00000,0x00000000df680000)
 ParOldGen       total 69632K, used 50898K [0x0000000081e00000, 0x0000000086200000, 0x00000000d5f80000)
  object space 69632K, 73% used [0x0000000081e00000,0x0000000084fb4870,0x0000000086200000)
 Metaspace       used 29950K, capacity 30860K, committed 30976K, reserved 1077248K
  class space    used 3511K, capacity 3757K, committed 3840K, reserved 1048576K
}

